  Game Loop.cpp
C:\GHGO2025VER2\Game Loop.cpp(33,29): warning C4805: '!=': unsafe mix of type 'INT' and type 'bool' in operation
C:\GHGO2025VER2\Game Loop.cpp(92,34): warning C4805: '==': unsafe mix of type 'INT' and type 'bool' in operation
C:\GHGO2025VER2\Game Loop.cpp(113,84): warning C4244: 'argument': conversion from 'UINT64' to 'Uint32', possible loss of data
C:\GHGO2025VER2\Game Loop.cpp(117,11): warning C4477: 'printf' : format string '%d' requires an argument of type 'int', but variadic argument 1 has type 'UINT64'
      C:\GHGO2025VER2\Game Loop.cpp(117,11):
      consider using '%lld' in the format string
      C:\GHGO2025VER2\Game Loop.cpp(117,11):
      consider using '%Id' in the format string
      C:\GHGO2025VER2\Game Loop.cpp(117,11):
      consider using '%I64d' in the format string
  
C:\GHGO2025VER2\Game Loop.cpp(117,11): warning C4477: 'printf' : format string '%d' requires an argument of type 'int', but variadic argument 2 has type 'UINT64'
      C:\GHGO2025VER2\Game Loop.cpp(117,11):
      consider using '%lld' in the format string
      C:\GHGO2025VER2\Game Loop.cpp(117,11):
      consider using '%Id' in the format string
      C:\GHGO2025VER2\Game Loop.cpp(117,11):
      consider using '%I64d' in the format string
  
C:\GHGO2025VER2\Game Loop.cpp(16,21): warning C4101: 'Keys': unreferenced local variable
C:\GHGO2025VER2\Game Loop.cpp(19,15): warning C4101: 'Srce': unreferenced local variable
C:\GHGO2025VER2\Game Loop.cpp(17,18): warning C4101: 'ButtonIdent': unreferenced local variable
C:\GHGO2025VER2\Game Loop.cpp(16,40): warning C4101: 'RetVal': unreferenced local variable
C:\GHGO2025VER2\Game Loop.cpp(17,15): warning C4101: 'I': unreferenced local variable
C:\GHGO2025VER2\Game Loop.cpp(15,15): warning C4101: 'Text': unreferenced local variable
  Test Stuff.cpp
  Generating code
  4 of 178 functions ( 2.2%) were compiled, the rest were copied from previous compilation.
    0 functions were new in current compilation
    8 functions had inline decision re-evaluated but remain unchanged
  Finished generating code
  GHGO2025VER2.vcxproj -> C:\GHGO2025VER2\x64\Release\GHGO2025VER2.exe
  'pwsh.exe' is not recognized as an internal or external command,
  operable program or batch file.
